<?xml version="1.0" encoding="UTF-8"?>
<!-- Generated by org.testng.reporters.JUnitXMLReporter -->
<testsuite hostname="AhmedMagamy" ignored="0" name="Default test" tests="3" failures="0" timestamp="31 May 2019 14:18:24 GMT" time="25.787" errors="0">
  <testcase name="loginTests" time="15.374" classname="automationpracticewebsiteTests.SigninPageTests"/>
  <testcase name="loginTests" time="2.553" classname="automationpracticewebsiteTests.SigninPageTests"/>
  <testcase name="loginTests" time="2.798" classname="automationpracticewebsiteTests.SigninPageTests"/>
</testsuite> <!-- Default test -->
