<?xml version="1.0" encoding="UTF-8"?>
<testng-results skipped="0" failed="0" ignored="0" total="3" passed="3">
  <reporter-output>
  </reporter-output>
  <suite name="Default suite" duration-ms="27841" started-at="2019-05-31T13:56:30Z" finished-at="2019-05-31T13:56:58Z">
    <groups>
    </groups>
    <test name="Default test" duration-ms="27841" started-at="2019-05-31T13:56:30Z" finished-at="2019-05-31T13:56:58Z">
      <class name="automationpracticewebsiteTests.SigninPageTests">
        <test-method status="PASS" signature="setUp()[pri:0, instance:automationpracticewebsiteTests.SigninPageTests@dd8ba08]" name="setUp" is-config="true" duration-ms="4270" started-at="2019-05-31T13:56:30Z" finished-at="2019-05-31T13:56:35Z">
          <reporter-output>
          </reporter-output>
        </test-method> <!-- setUp -->
        <test-method status="PASS" signature="loginTests(java.lang.String, java.lang.String, java.lang.String)[pri:1, instance:automationpracticewebsiteTests.SigninPageTests@dd8ba08]" name="loginTests" duration-ms="14969" started-at="2019-05-31T13:56:35Z" data-provider="logindata" finished-at="2019-05-31T13:56:50Z">
          <params>
            <param index="0">
              <value>
                <![CDATA[test500@test.com]]>
              </value>
            </param>
            <param index="1">
              <value>
                <![CDATA[123456789]]>
              </value>
            </param>
            <param index="2">
              <value>
                <![CDATA[valid]]>
              </value>
            </param>
          </params>
          <reporter-output>
          </reporter-output>
        </test-method> <!-- loginTests -->
        <test-method status="PASS" signature="loginTests(java.lang.String, java.lang.String, java.lang.String)[pri:1, instance:automationpracticewebsiteTests.SigninPageTests@dd8ba08]" name="loginTests" duration-ms="3188" started-at="2019-05-31T13:56:50Z" data-provider="logindata" finished-at="2019-05-31T13:56:53Z">
          <params>
            <param index="0">
              <value>
                <![CDATA[ahmed]]>
              </value>
            </param>
            <param index="1">
              <value>
                <![CDATA[ahmed]]>
              </value>
            </param>
            <param index="2">
              <value>
                <![CDATA[invalidusernameandpassword]]>
              </value>
            </param>
          </params>
          <reporter-output>
          </reporter-output>
        </test-method> <!-- loginTests -->
        <test-method status="PASS" signature="loginTests(java.lang.String, java.lang.String, java.lang.String)[pri:1, instance:automationpracticewebsiteTests.SigninPageTests@dd8ba08]" name="loginTests" duration-ms="2828" started-at="2019-05-31T13:56:53Z" data-provider="logindata" finished-at="2019-05-31T13:56:56Z">
          <params>
            <param index="0">
              <value>
                <![CDATA[test500@test.com]]>
              </value>
            </param>
            <param index="1">
              <value>
                <![CDATA[ahmed]]>
              </value>
            </param>
            <param index="2">
              <value>
                <![CDATA[validusernameivalidpassword]]>
              </value>
            </param>
          </params>
          <reporter-output>
          </reporter-output>
        </test-method> <!-- loginTests -->
        <test-method status="PASS" signature="end()[pri:0, instance:automationpracticewebsiteTests.SigninPageTests@dd8ba08]" name="end" is-config="true" duration-ms="2414" started-at="2019-05-31T13:56:56Z" finished-at="2019-05-31T13:56:58Z">
          <reporter-output>
          </reporter-output>
        </test-method> <!-- end -->
      </class> <!-- automationpracticewebsiteTests.SigninPageTests -->
    </test> <!-- Default test -->
  </suite> <!-- Default suite -->
</testng-results>
