<?xml version="1.0" encoding="UTF-8"?>
<testng-results skipped="0" failed="0" ignored="0" total="3" passed="3">
  <reporter-output>
  </reporter-output>
  <suite name="Default suite" duration-ms="25787" started-at="2019-05-31T14:17:58Z" finished-at="2019-05-31T14:18:24Z">
    <groups>
    </groups>
    <test name="Default test" duration-ms="25787" started-at="2019-05-31T14:17:58Z" finished-at="2019-05-31T14:18:24Z">
      <class name="automationpracticewebsiteTests.SigninPageTests">
        <test-method status="PASS" signature="setUp()[pri:0, instance:automationpracticewebsiteTests.SigninPageTests@dd8ba08]" name="setUp" is-config="true" duration-ms="4802" started-at="2019-05-31T14:17:58Z" finished-at="2019-05-31T14:18:03Z">
          <reporter-output>
          </reporter-output>
        </test-method> <!-- setUp -->
        <test-method status="PASS" signature="loginTests(java.lang.String, java.lang.String, java.lang.String)[pri:1, instance:automationpracticewebsiteTests.SigninPageTests@dd8ba08]" name="loginTests" duration-ms="15374" started-at="2019-05-31T14:18:03Z" data-provider="logindata" finished-at="2019-05-31T14:18:18Z">
          <params>
            <param index="0">
              <value>
                <![CDATA[test500@test.com]]>
              </value>
            </param>
            <param index="1">
              <value>
                <![CDATA[123456789]]>
              </value>
            </param>
            <param index="2">
              <value>
                <![CDATA[valid]]>
              </value>
            </param>
          </params>
          <reporter-output>
          </reporter-output>
        </test-method> <!-- loginTests -->
        <test-method status="PASS" signature="loginTests(java.lang.String, java.lang.String, java.lang.String)[pri:1, instance:automationpracticewebsiteTests.SigninPageTests@dd8ba08]" name="loginTests" duration-ms="2553" started-at="2019-05-31T14:18:18Z" data-provider="logindata" finished-at="2019-05-31T14:18:21Z">
          <params>
            <param index="0">
              <value>
                <![CDATA[ahmed]]>
              </value>
            </param>
            <param index="1">
              <value>
                <![CDATA[ahmed]]>
              </value>
            </param>
            <param index="2">
              <value>
                <![CDATA[invalidusernameandpassword]]>
              </value>
            </param>
          </params>
          <reporter-output>
          </reporter-output>
        </test-method> <!-- loginTests -->
        <test-method status="PASS" signature="loginTests(java.lang.String, java.lang.String, java.lang.String)[pri:1, instance:automationpracticewebsiteTests.SigninPageTests@dd8ba08]" name="loginTests" duration-ms="2798" started-at="2019-05-31T14:18:21Z" data-provider="logindata" finished-at="2019-05-31T14:18:24Z">
          <params>
            <param index="0">
              <value>
                <![CDATA[test500@test.com]]>
              </value>
            </param>
            <param index="1">
              <value>
                <![CDATA[ahmed]]>
              </value>
            </param>
            <param index="2">
              <value>
                <![CDATA[validusernameivalidpassword]]>
              </value>
            </param>
          </params>
          <reporter-output>
          </reporter-output>
        </test-method> <!-- loginTests -->
        <test-method status="PASS" signature="end()[pri:0, instance:automationpracticewebsiteTests.SigninPageTests@dd8ba08]" name="end" is-config="true" duration-ms="64" started-at="2019-05-31T14:18:24Z" finished-at="2019-05-31T14:18:24Z">
          <reporter-output>
          </reporter-output>
        </test-method> <!-- end -->
      </class> <!-- automationpracticewebsiteTests.SigninPageTests -->
    </test> <!-- Default test -->
  </suite> <!-- Default suite -->
</testng-results>
